build/app/outputs/mapping/release/mapping.txt
# compiler: R8
# compiler_version: 1.5.69
# min_api: 16
# pg_map_id: 390aa40
...
com.baseflow.geolocator.location.LocationMapper -> b.a.a.m.o:
    java.util.Map toHashMap(android.location.Location) -> a
com.baseflow.geolocator.location.LocationOptions -> b.a.a.m.p:
    long distanceFilter -> b
    com.baseflow.geolocator.location.LocationAccuracy accuracy -> a
    long timeInterval -> c
    com.baseflow.geolocator.location.LocationAccuracy getAccuracy() -> a
    com.baseflow.geolocator.location.LocationOptions parseArguments(java.util.Map) -> a
    long getDistanceFilter() -> b
    long getTimeInterval() -> c
com.baseflow.geolocator.location.LocationServiceListener -> b.a.a.m.q:
    void onLocationServiceError(com.baseflow.geolocator.errors.ErrorCodes) -> a
    void onLocationServiceResult(boolean) -> a
com.baseflow.geolocator.location.PositionChangedCallback -> b.a.a.m.r:
    void onPositionChanged(android.location.Location) -> a
com.baseflow.geolocator.permission.LocationPermission -> b.a.a.n.a:
    com.baseflow.geolocator.permission.LocationPermission always -> d
    com.baseflow.geolocator.permission.LocationPermission whileInUse -> c
    com.baseflow.geolocator.permission.LocationPermission deniedForever -> b
    com.baseflow.geolocator.permission.LocationPermission denied -> a
    com.baseflow.geolocator.permission.LocationPermission[] $VALUES -> e
    int toInt() -> a
com.baseflow.geolocator.permission.LocationPermission$1 -> b.a.a.n.a$a:
    int[] $SwitchMap$com$baseflow$geolocator$permission$LocationPermission -> a
com.baseflow.geolocator.permission.PermissionManager -> b.a.a.n.b:
    com.baseflow.geolocator.permission.PermissionResultCallback resultCallback -> c
    com.baseflow.geolocator.errors.ErrorCallback errorCallback -> b
    android.app.Activity activity -> a
    com.baseflow.geolocator.permission.LocationPermission checkPermissionStatus(android.content.Context,android.app.Activity) -> a
    java.lang.String determineFineOrCoarse(android.content.Context) -> a
    int indexOf(java.lang.Object[],java.lang.Object) -> a
    void requestPermission(android.app.Activity,com.baseflow.geolocator.permission.PermissionResultCallback,com.baseflow.geolocator.errors.ErrorCallback) -> a
com.baseflow.geolocator.permission.PermissionResultCallback -> b.a.a.n.c:
    void onResult(com.baseflow.geolocator.permission.LocationPermission) -> a
com.baseflow.geolocator.permission.PermissionUtils -> b.a.a.n.d:
    boolean getRequestedPermissionBefore(android.content.Context,java.lang.String) -> a
    boolean isNeverAskAgainSelected(android.app.Activity,java.lang.String) -> a
    boolean hasPermissionInManifest(android.content.Context,java.lang.String) -> b
    boolean neverAskAgainSelected(android.app.Activity,java.lang.String) -> b
    void setRequestedPermission(android.app.Activity,java.lang.String) -> c
com.baseflow.geolocator.utils.Utils -> b.a.a.o.a:
    boolean openAppSettings(android.content.Context) -> a
    boolean openLocationSettings(android.content.Context) -> b